[0/1] Re-running CMake...
/bin/sh: 1: /home/leeandy/cmake-install/bin/cmake: not found
FAILED: build.ninja 
/home/leeandy/cmake-install/bin/cmake --regenerate-during-build -S/home/leeandy/Desktop/ICL_controller/mav_comm/matlab_msg_gen_ros1/glnxa64/src -B/home/leeandy/Desktop/ICL_controller/mav_comm/matlab_msg_gen_ros1/glnxa64/build
ninja: error: rebuilding 'build.ninja': subcommand failed
Base path: /home/leeandy/Desktop/ICL_controller/Gazebo_simulation/mav_comm/matlab_msg_gen_ros1/glnxa64
Source space: /home/leeandy/Desktop/ICL_controller/Gazebo_simulation/mav_comm/matlab_msg_gen_ros1/glnxa64/src
Build space: /home/leeandy/Desktop/ICL_controller/Gazebo_simulation/mav_comm/matlab_msg_gen_ros1/glnxa64/build
Devel space: /home/leeandy/Desktop/ICL_controller/Gazebo_simulation/mav_comm/matlab_msg_gen_ros1/glnxa64/devel
Install space: /home/leeandy/Desktop/ICL_controller/Gazebo_simulation/mav_comm/matlab_msg_gen_ros1/glnxa64/install
####
#### Running command: "ninja build.ninja" in "/home/leeandy/Desktop/ICL_controller/Gazebo_simulation/mav_comm/matlab_msg_gen_ros1/glnxa64/build"
####
Invoking "ninja build.ninja" failed
